12-Nov-2019 16:00:51.598 信息 [main] org.apache.catalina.core.ApplicationContext.log ContextListener: contextInitialized()
12-Nov-2019 16:00:51.599 信息 [main] org.apache.catalina.core.ApplicationContext.log SessionListener: contextInitialized()
12-Nov-2019 16:00:51.600 信息 [main] org.apache.catalina.core.ApplicationContext.log ContextListener: attributeAdded('StockTicker', 'async.Stockticker@9ed238c')
12-Nov-2019 16:02:00.480 信息 [Thread-4] org.apache.catalina.core.ApplicationContext.log SessionListener: contextDestroyed()
12-Nov-2019 16:02:00.480 信息 [Thread-4] org.apache.catalina.core.ApplicationContext.log ContextListener: contextDestroyed()
12-Nov-2019 16:03:10.657 信息 [main] org.apache.catalina.core.ApplicationContext.log ContextListener: contextInitialized()
12-Nov-2019 16:03:10.657 信息 [main] org.apache.catalina.core.ApplicationContext.log SessionListener: contextInitialized()
12-Nov-2019 16:03:10.659 信息 [main] org.apache.catalina.core.ApplicationContext.log ContextListener: attributeAdded('StockTicker', 'async.Stockticker@5b64c4b7')
12-Nov-2019 16:04:11.461 信息 [Thread-4] org.apache.catalina.core.ApplicationContext.log SessionListener: contextDestroyed()
12-Nov-2019 16:04:11.461 信息 [Thread-4] org.apache.catalina.core.ApplicationContext.log ContextListener: contextDestroyed()
12-Nov-2019 16:04:59.632 信息 [main] org.apache.catalina.core.ApplicationContext.log ContextListener: contextInitialized()
12-Nov-2019 16:04:59.632 信息 [main] org.apache.catalina.core.ApplicationContext.log SessionListener: contextInitialized()
12-Nov-2019 16:04:59.634 信息 [main] org.apache.catalina.core.ApplicationContext.log ContextListener: attributeAdded('StockTicker', 'async.Stockticker@36676c1a')
12-Nov-2019 16:33:44.770 信息 [main] org.apache.catalina.core.ApplicationContext.log ContextListener: contextInitialized()
12-Nov-2019 16:33:44.770 信息 [main] org.apache.catalina.core.ApplicationContext.log SessionListener: contextInitialized()
12-Nov-2019 16:33:44.772 信息 [main] org.apache.catalina.core.ApplicationContext.log ContextListener: attributeAdded('StockTicker', 'async.Stockticker@2dbe250d')
12-Nov-2019 16:33:44.866 信息 [main] org.apache.catalina.core.ApplicationContext.log SessionListener: contextDestroyed()
12-Nov-2019 16:33:44.866 信息 [main] org.apache.catalina.core.ApplicationContext.log ContextListener: contextDestroyed()
12-Nov-2019 16:34:27.215 信息 [main] org.apache.catalina.core.ApplicationContext.log ContextListener: contextInitialized()
12-Nov-2019 16:34:27.215 信息 [main] org.apache.catalina.core.ApplicationContext.log SessionListener: contextInitialized()
12-Nov-2019 16:34:27.216 信息 [main] org.apache.catalina.core.ApplicationContext.log ContextListener: attributeAdded('StockTicker', 'async.Stockticker@51e8e6e6')
12-Nov-2019 16:46:37.995 信息 [Thread-4] org.apache.catalina.core.ApplicationContext.log SessionListener: contextDestroyed()
12-Nov-2019 16:46:37.995 信息 [Thread-4] org.apache.catalina.core.ApplicationContext.log ContextListener: contextDestroyed()
12-Nov-2019 20:00:19.529 信息 [main] org.apache.catalina.core.ApplicationContext.log ContextListener: contextInitialized()
12-Nov-2019 20:00:19.529 信息 [main] org.apache.catalina.core.ApplicationContext.log SessionListener: contextInitialized()
12-Nov-2019 20:00:19.531 信息 [main] org.apache.catalina.core.ApplicationContext.log ContextListener: attributeAdded('StockTicker', 'async.Stockticker@36676c1a')
12-Nov-2019 20:00:46.591 信息 [http-nio-10000-exec-2] org.apache.catalina.core.ApplicationContext.log Marking servlet [my] as unavailable
12-Nov-2019 20:00:46.592 严重 [http-nio-10000-exec-2] org.apache.catalina.core.StandardWrapperValve.invoke Allocate exception for servlet [my]
	java.lang.ClassNotFoundException: MyServlet
		at org.apache.catalina.loader.WebappClassLoaderBase.loadClass(WebappClassLoaderBase.java:1365)
		at org.apache.catalina.loader.WebappClassLoaderBase.loadClass(WebappClassLoaderBase.java:1188)
		at org.apache.catalina.core.DefaultInstanceManager.loadClass(DefaultInstanceManager.java:540)
		at org.apache.catalina.core.DefaultInstanceManager.loadClassMaybePrivileged(DefaultInstanceManager.java:521)
		at org.apache.catalina.core.DefaultInstanceManager.newInstance(DefaultInstanceManager.java:150)
		at org.apache.catalina.core.StandardWrapper.loadServlet(StandardWrapper.java:1042)
		at org.apache.catalina.core.StandardWrapper.allocate(StandardWrapper.java:761)
		at org.apache.catalina.core.StandardWrapperValve.invoke(StandardWrapperValve.java:135)
		at org.apache.catalina.core.StandardContextValve.invoke(StandardContextValve.java:96)
		at org.apache.catalina.authenticator.AuthenticatorBase.invoke(AuthenticatorBase.java:526)
		at org.apache.catalina.core.StandardHostValve.invoke(StandardHostValve.java:139)
		at org.apache.catalina.valves.ErrorReportValve.invoke(ErrorReportValve.java:92)
		at org.apache.catalina.valves.AbstractAccessLogValve.invoke(AbstractAccessLogValve.java:678)
		at org.apache.catalina.core.StandardEngineValve.invoke(StandardEngineValve.java:74)
		at org.apache.catalina.connector.CoyoteAdapter.service(CoyoteAdapter.java:343)
		at org.apache.coyote.http11.Http11Processor.service(Http11Processor.java:408)
		at org.apache.coyote.AbstractProcessorLight.process(AbstractProcessorLight.java:66)
		at org.apache.coyote.AbstractProtocol$ConnectionHandler.process(AbstractProtocol.java:861)
		at org.apache.tomcat.util.net.NioEndpoint$SocketProcessor.doRun(NioEndpoint.java:1579)
		at org.apache.tomcat.util.net.SocketProcessorBase.run(SocketProcessorBase.java:49)
		at java.base/java.util.concurrent.ThreadPoolExecutor.runWorker(ThreadPoolExecutor.java:1128)
		at java.base/java.util.concurrent.ThreadPoolExecutor$Worker.run(ThreadPoolExecutor.java:628)
		at org.apache.tomcat.util.threads.TaskThread$WrappingRunnable.run(TaskThread.java:61)
		at java.base/java.lang.Thread.run(Thread.java:835)
12-Nov-2019 20:08:47.242 信息 [Thread-4] org.apache.catalina.core.ApplicationContext.log SessionListener: contextDestroyed()
12-Nov-2019 20:08:47.242 信息 [Thread-4] org.apache.catalina.core.ApplicationContext.log ContextListener: contextDestroyed()
12-Nov-2019 20:09:16.028 信息 [main] org.apache.catalina.core.ApplicationContext.log ContextListener: contextInitialized()
12-Nov-2019 20:09:16.028 信息 [main] org.apache.catalina.core.ApplicationContext.log SessionListener: contextInitialized()
12-Nov-2019 20:09:16.030 信息 [main] org.apache.catalina.core.ApplicationContext.log ContextListener: attributeAdded('StockTicker', 'async.Stockticker@9ed238c')
12-Nov-2019 20:16:31.559 信息 [Thread-4] org.apache.catalina.core.ApplicationContext.log SessionListener: contextDestroyed()
12-Nov-2019 20:16:31.559 信息 [Thread-4] org.apache.catalina.core.ApplicationContext.log ContextListener: contextDestroyed()
12-Nov-2019 20:20:56.384 信息 [main] org.apache.catalina.core.ApplicationContext.log ContextListener: contextInitialized()
12-Nov-2019 20:20:56.384 信息 [main] org.apache.catalina.core.ApplicationContext.log SessionListener: contextInitialized()
12-Nov-2019 20:20:56.386 信息 [main] org.apache.catalina.core.ApplicationContext.log ContextListener: attributeAdded('StockTicker', 'async.Stockticker@51e8e6e6')
12-Nov-2019 20:21:18.921 信息 [Thread-4] org.apache.catalina.core.ApplicationContext.log SessionListener: contextDestroyed()
12-Nov-2019 20:21:18.921 信息 [Thread-4] org.apache.catalina.core.ApplicationContext.log ContextListener: contextDestroyed()
